make all --print-data-base --no-builtin-variables --no-builtin-rules --question
# GNU Make 3.81
# Copyright (C) 2006  Free Software Foundation, Inc.
# This is free software; see the source for copying conditions.
# There is NO warranty; not even for MERCHANTABILITY or FITNESS FOR A
# PARTICULAR PURPOSE.

# This program built for i386-apple-darwin11.3.0
 

# Make data base, printed on Sat Jun 11 15:11:46 2022

# Variables

# automatic
<D = $(patsubst %/,%,$(dir $<))
# automatic
?F = $(notdir $?)
# makefile (from `../DaisyExamples/libDaisy//core/Makefile', line 200)
LDSCRIPT = $(SYSTEM_FILES_DIR)/STM32H750IB_flash.lds
# environment
VSCODE_LOG_NATIVE = false
# makefile (from `Makefile', line 6)
CPP_SOURCES = that_simple.cpp core/Engine.cpp core/Envelope.cpp core/Generator.cpp core/Slice.cpp core/SliceBuffer.cpp core/Source.cpp core/Spotykach.cpp core/ Trigger.cpp
# makefile (from `Makefile', line 2)
TARGET = that_simple
# automatic
?D = $(patsubst %/,%,$(dir $?))
# makefile (from `../DaisyExamples/libDaisy//core/Makefile', line 183)
CPPFLAGS = $(CFLAGS) -fno-exceptions -fasm -finline -finline-functions-called-once -fshort-enums -fno-move-loop-invariants -fno-unwind-tables -Wno-register
# makefile (from `../DaisyExamples/libDaisy//core/Makefile', line 106)
AS_DEFS = 
# makefile (from `../DaisyExamples/libDaisy//core/Makefile', line 128)
AS_INCLUDES = 
# automatic
@D = $(patsubst %/,%,$(dir $@))
# automatic
@F = $(notdir $@)
# makefile
CURDIR := /Users/vlly/DSP/that-simple
# makefile
SHELL = /bin/sh
# makefile (from `../DaisyExamples/libDaisy//core/Makefile', line 87)
BIN = $(CP) -O binary -S
# environment
VSCODE_NLS_CONFIG = {"locale":"en-gb","availableLanguages":{},"_languagePackSupport":true}
# makefile (from `../DaisyExamples/libDaisy//core/Makefile', line 84)
SZ = $(PREFIX)size
# environment
_ = /usr/bin/make
# makefile (from `../DaisyExamples/libDaisy//core/Makefile', line 180)
CFLAGS = $(MCU) $(C_DEFS) $(C_INCLUDES) $(OPT) -Wall -Wno-missing-attributes -fasm -fdata-sections -ffunction-sections -Wno-stringop-overflow -g -ggdb -MMD -MP -MF"$(@:%.o=%.d)"
# makefile (from `build/startup_stm32h750xx.d', line 1)
MAKEFILE_LIST :=  Makefile ../DaisyExamples/libDaisy//core/Makefile build/startup_stm32h750xx.d
# makefile (from `../DaisyExamples/libDaisy//core/Makefile', line 83)
CP = $(PREFIX)objcopy
# makefile (from `../DaisyExamples/libDaisy//core/Makefile', line 193)
C_STANDARD = -std=gnu11
# environment
VSCODE_VERBOSE_LOGGING = true
# makefile (from `../DaisyExamples/libDaisy//core/Makefile', line 82)
AS = $(PREFIX)gcc -x assembler-with-cpp
# environment
__CFBundleIdentifier = com.microsoft.VSCode
# environment
INFOPATH = /opt/homebrew/share/info:
# makefile (from `../DaisyExamples/libDaisy//core/Makefile', line 3)
CHIPSET = stm32h7x
# environment
VSCODE_IPC_HOOK_EXTHOST = /var/folders/sq/35n50zm93tj7r487wzgp5p3c0000gn/T/vscode-ipc-e64f2f10-3a21-4a2f-bc11-34f31d2ff15b.sock
# makefile (from `../DaisyExamples/libDaisy//core/Makefile', line 23)
GDB_FLAGS = 
# environment
VSCODE_CWD = /
# environment
PATH = /Users/vlly/.yarn/bin:/Users/vlly/.config/yarn/global/node_modules/.bin:/Users/vlly/DK/google-cloud-sdk/bin:/Library/Frameworks/Python.framework/Versions/3.10/bin:/opt/local/bin:/opt/local/sbin:/opt/homebrew/bin:/opt/homebrew/sbin:/usr/local/bin:/usr/bin:/bin:/usr/sbin:/sbin:/Library/Apple/usr/bin:/Users/vlly/DK/flutter/bin
# makefile (from `../DaisyExamples/libDaisy//core/Makefile', line 194)
CPP_STANDARD = -std=gnu++14
# makefile (from `Makefile', line 10)
DAISYSP_DIR = ../DaisyExamples/DaisySP/
# environment
VSCODE_LOG_STACK = false
# environment
ELECTRON_RUN_AS_NODE = 1
# makefile (from `../DaisyExamples/libDaisy//core/Makefile', line 214)
LDFLAGS =  $(MCU) --specs=nano.specs --specs=nosys.specs -T$(LDSCRIPT) $(LIBDIR) $(LIBS) -Wl,-Map=$(BUILD_DIR)/$(TARGET).map,--cref -Wl,--gc-sections -Wl,--print-memory-usage
# default
.FEATURES := target-specific order-only second-expansion else-if archives jobserver check-symlink
# environment
SSH_AUTH_SOCK = /private/tmp/com.apple.launchd.XZgXM4TgqO/Listeners
# automatic
%F = $(notdir $%)
# makefile (from `../DaisyExamples/libDaisy//core/Makefile', line 32)
OPT = -O2
# makefile (from `../DaisyExamples/libDaisy//core/Makefile', line 5)
TARGET_BIN = $(TARGET).bin
# environment
VSCODE_PIPE_LOGGING = true
# environment
PWD = /Users/vlly/DSP/that-simple
# makefile (from `../DaisyExamples/libDaisy//core/Makefile', line 9)
QSPI_ADDRESS = 0x90040000
# environment
HOMEBREW_CELLAR = /opt/homebrew/Cellar
# environment
ORIGINAL_XDG_CURRENT_DESKTOP = undefined
# environment
MANPATH = /opt/local/share/man:/opt/homebrew/share/man::
# environment
VSCODE_AMD_ENTRYPOINT = vs/workbench/api/node/extensionHostProcess
# environment
HOME = /Users/vlly
# default
MAKEFILEPATH := /Applications/Xcode.app/Contents/Developer/Makefiles
# environment
VSCODE_CODE_CACHE_PATH = /Users/vlly/Library/Application Support/Code/CachedData/4af164ea3a06f701fe3e89a2bcbb421d2026b68f
# environment
LOGNAME = vlly
# environment
APPLICATION_INSIGHTS_NO_DIAGNOSTIC_CHANNEL = 1
# makefile (from `../DaisyExamples/libDaisy//core/Makefile', line 19)
OCD_DIR = /usr/local/share/openocd/scripts
# makefile (from `../DaisyExamples/libDaisy//core/Makefile', line 68)
PREFIX = arm-none-eabi-
# environment
VSCODE_HANDLES_UNCAUGHT_ERRORS = true
# automatic
^D = $(patsubst %/,%,$(dir $^))
# makefile (from `../DaisyExamples/libDaisy//core/Makefile', line 116)
C_DEFS =  -DUSE_HAL_DRIVER -DSTM32H750xx -DHSE_VALUE=16000000  -DCORE_CM7 -DSTM32H750IB -DARM_MATH_CM7 -DUSE_FULL_LL_DRIVER
# environment
XPC_FLAGS = 0x0
# default
MAKE = $(MAKE_COMMAND)
# default
MAKECMDGOALS := all
# environment
SHLVL = 1
# makefile (from `../DaisyExamples/libDaisy//core/Makefile', line 99)
FLOAT-ABI = -mfloat-abi=hard
# makefile (from `../DaisyExamples/libDaisy//core/Makefile', line 86)
HEX = $(CP) -O ihex
# makefile (from `../DaisyExamples/libDaisy//core/Makefile', line 79)
CC = $(PREFIX)gcc
# makefile (from `../DaisyExamples/libDaisy//core/Makefile', line 41)
BUILD_DIR = build
# makefile (from `../DaisyExamples/libDaisy//core/Makefile', line 169)
ASFLAGS = $(MCU) $(AS_DEFS) $(AS_INCLUDES) $(OPT) -Wall -fdata-sections -ffunction-sections
# default
MAKE_VERSION := 3.81
# environment
USER = vlly
# makefile
.DEFAULT_GOAL := all
# automatic
%D = $(patsubst %/,%,$(dir $%))
# makefile (from `../DaisyExamples/libDaisy//core/Makefile', line 210)
LIBDIR = -L$(LIBDAISY_DIR)/build -L $(DAISYSP_DIR)/build
# makefile (from `../DaisyExamples/libDaisy//core/Makefile', line 93)
 
CPU = -mcpu=cortex-m7
# makefile (from `../DaisyExamples/libDaisy//core/Makefile', line 96)
FPU = -mfpu=fpv5-d16
# makefile (from `../DaisyExamples/libDaisy//core/Makefile', line 20)
PGM_DEVICE = interface/stlink.cfg
# default
MAKE_COMMAND := /Applications/Xcode.app/Contents/Developer/usr/bin/make
# makefile (from `../DaisyExamples/libDaisy//core/Makefile', line 7)
BOOT_BIN = $(wildcard $(SYSTEM_FILES_DIR)/dsy_bootloader*)
# default
.VARIABLES := 
# environment
TMPDIR = /var/folders/sq/35n50zm93tj7r487wzgp5p3c0000gn/T/
# automatic
*F = $(notdir $*)
# environment
VSCODE_IPC_HOOK = /Users/vlly/Library/Application Support/Code/1.68.0-main.sock
# makefile
MAKEFLAGS = Rrqp
# environment
MFLAGS = -Rrqp
# automatic
*D = $(patsubst %/,%,$(dir $*))
# makefile (from `../DaisyExamples/libDaisy//core/Makefile', line 18)
OCD = openocd
# environment
XPC_SERVICE_NAME = application.com.microsoft.VSCode.21407614.21407620
# environment
HOMEBREW_PREFIX = /opt/homebrew
# automatic
+D = $(patsubst %/,%,$(dir $+))
# makefile (from `../DaisyExamples/libDaisy//core/Makefile', line 6)
TARGET_ELF = $(TARGET).elf
# automatic
+F = $(notdir $+)
# makefile (from `../DaisyExamples/libDaisy//core/Makefile', line 8)
FLASH_ADDRESS = 0x08000000
# environment
HOMEBREW_REPOSITORY = /opt/homebrew
# makefile (from `../DaisyExamples/libDaisy//core/Makefile', line 102)
MCU = $(CPU) -mthumb $(FPU) $(FLOAT-ABI)
# makefile (from `../DaisyExamples/libDaisy//core/Makefile', line 166)
C_INCLUDES = -Icore -include stm32h7xx.h -I$(LIBDAISY_DIR) -I$(LIBDAISY_DIR)/src/ -I$(LIBDAISY_DIR)/src/sys -I$(LIBDAISY_DIR)/src/usbd -I$(LIBDAISY_DIR)/src/usbh -I$(LIBDAISY_DIR)/Drivers/CMSIS/Include/ -I$(LIBDAISY_DIR)/Drivers/CMSIS/DSP/Include -I$(LIBDAISY_DIR)/Drivers/CMSIS/Device/ST/STM32H7xx/Include -I$(LIBDAISY_DIR)/Drivers/STM32H7xx_HAL_Driver/Inc/ -I$(LIBDAISY_DIR)/Middlewares/ST/STM32_USB_Device_Library/Core/Inc -I$(LIBDAISY_DIR)/Middlewares/ST/STM32_USB_Host_Library/Core/Inc -I$(LIBDAISY_DIR)/Middlewares/ST/STM32_USB_Host_Library/Class/MSC/Inc -I$(SYSTEM_FILES_DIR)/ -I$(DAISYSP_DIR)/Source -I$(FATFS_DIR)
# environment
__CF_USER_TEXT_ENCODING = 0x1F5:0x0:0x2
# environment
COMMAND_MODE = unix2003
# makefile (from `../DaisyExamples/libDaisy//core/Makefile', line 155)
FATFS_DIR = $(LIBDAISY_DIR)/Middlewares/Third_Party/FatFs/src
# default
MAKEFILES := 
# automatic
<F = $(notdir $<)
# makefile (from `../DaisyExamples/libDaisy//core/Makefile', line 21)
OCDFLAGS = -f $(PGM_DEVICE) -f target/$(CHIPSET).cfg
# makefile (from `../DaisyExamples/libDaisy//core/Makefile', line 80)
CXX = $(PREFIX)g++ 
# makefile (from `../DaisyExamples/libDaisy//core/Makefile', line 157)
FATFS_SOURCES =  $(FATFS_DIR)/diskio.c $(FATFS_DIR)/ff.c $(FATFS_DIR)/ff_gen_drv.c $(FATFS_DIR)/option/ccsbcs.c
# environment
LC_ALL = C
# makefile (from `Makefile', line 13)
SYSTEM_FILES_DIR = $(LIBDAISY_DIR)/core
# makefile (from `Makefile', line 9)
LIBDAISY_DIR = ../DaisyExamples/libDaisy/
# makefile (from `../DaisyExamples/libDaisy//core/Makefile', line 81)
GDB = $(PREFIX)gdb
# makefile (from `../DaisyExamples/libDaisy//core/Makefile', line 209)
LIBS = -ldaisy -lc -lm -lnosys -ldaisysp
# automatic
^F = $(notdir $^)
# makefile (from `../DaisyExamples/libDaisy//core/Makefile', line 55)
C_SOURCES = $(SYSTEM_FILES_DIR)/startup_stm32h750xx.c
# default
SUFFIXES := 
# default
.INCLUDE_DIRS = /usr/local/include
# environment
MAKELEVEL := 0
# makefile (from `../DaisyExamples/libDaisy//core/Makefile', line 228)
OBJECTS = $(addprefix $(BUILD_DIR)/,$(notdir $(C_SOURCES:.c=.o))) $(addprefix $(BUILD_DIR)/,$(notdir $(CPP_SOURCES:.cpp=.o))) $(addprefix $(BUILD_DIR)/,$(notdir $(ASM_SOURCES:.s=.o)))
# environment
LANG = C
# environment
VSCODE_PID = 5557
# variable set hash-table stats:
# Load=115/1024=11%, Rehash=0, Collisions=27/268=10%

# Pattern-specific Variable Values

# No pattern-specific variable values.

# Directories

# . (device 16777233, inode 21495648): 11 files, no impossibilities.
# ../DaisyExamples/libDaisy//core (device 16777233, inode 21402975): No files, no impossibilities so far.
# core (device 16777233, inode 21495721): No files, no impossibilities so far.
# build (device 16777233, inode 21498546): 5 files, no impossibilities.

# 16 files, no impossibilities in 4 directories.

# Implicit Rules

build/%.o: %.c Makefile | build
#  commands to execute (from `../DaisyExamples/libDaisy//core/Makefile', line 232):
	$(CC) -c $(CFLAGS) $(C_STANDARD) -Wa,-a,-ad,-alms=$(BUILD_DIR)/$(notdir $(<:.c=.lst)) $< -o $@
	

build/%.o: %.cpp Makefile | build
#  commands to execute (from `../DaisyExamples/libDaisy//core/Makefile', line 235):
	$(CXX) -c $(CPPFLAGS) $(CPP_STANDARD) -Wa,-a,-ad,-alms=$(BUILD_DIR)/$(notdir $(<:.cpp=.lst)) $< -o $@
	

build/%.o: %.s Makefile | build
#  commands to execute (from `../DaisyExamples/libDaisy//core/Makefile', line 238):
	$(AS) -c $(ASFLAGS) $< -o $@
	

build/%.hex: build/%.elf | build
#  commands to execute (from `../DaisyExamples/libDaisy//core/Makefile', line 244):
	$(HEX) $< $@
	

build/%.bin: build/%.elf | build
#  commands to execute (from `../DaisyExamples/libDaisy//core/Makefile', line 247):
	$(BIN) $< $@
	

# 5 implicit rules, 0 (0.0%) terminal.

# Files

../DaisyExamples/libDaisy//Drivers/STM32H7xx_HAL_Driver/Inc/stm32h7xx_hal_gpio.h:
#  Implicit rule search has been done.
#  Last modified 2022-06-09 21:32:35
#  File has been updated.
#  Successfully updated.
# variable set hash-table stats:
# Load=0/32=0%, Rehash=0, Collisions=0/0=0%

../DaisyExamples/libDaisy//Drivers/STM32H7xx_HAL_Driver/Inc/stm32h7xx_hal_iwdg.h:
#  Implicit rule search has been done.
#  Last modified 2022-06-09 21:32:35
#  File has been updated.
#  Successfully updated.
# variable set hash-table stats:
# Load=0/32=0%, Rehash=0, Collisions=0/0=0%

../DaisyExamples/libDaisy//Drivers/STM32H7xx_HAL_Driver/Inc/stm32h7xx_hal.h:
#  Implicit rule search has been done.
#  Last modified 2022-06-09 21:32:35
#  File has been updated.
#  Successfully updated.
# variable set hash-table stats:
# Load=0/32=0%, Rehash=0, Collisions=0/0=0%

# Not a target:
build/Trigger.o:
#  Implicit rule search has not been done.
#  Modification time never checked.
#  File has not been updated.

program:
#  Implicit rule search has not been done.
#  Modification time never checked.
#  File has not been updated.
#  commands to execute (from `../DaisyExamples/libDaisy//core/Makefile', line 281):
	$(OCD) -s $(OCD_DIR) $(OCDFLAGS) \
	-c "program ./build/$(TARGET).elf verify reset exit"
	

../DaisyExamples/libDaisy//Drivers/STM32H7xx_HAL_Driver/Inc/stm32h7xx_hal_crc.h:
#  Implicit rule search has been done.
#  Last modified 2022-06-09 21:32:35
#  File has been updated.
#  Successfully updated.
# variable set hash-table stats:
# Load=0/32=0%, Rehash=0, Collisions=0/0=0%

../DaisyExamples/libDaisy//Drivers/STM32H7xx_HAL_Driver/Inc/stm32h7xx_hal_opamp.h:
#  Implicit rule search has been done.
#  Last modified 2022-06-09 21:32:35
#  File has been updated.
#  Successfully updated.
# variable set hash-table stats:
# Load=0/32=0%, Rehash=0, Collisions=0/0=0%

debug_client:
#  Implicit rule search has not been done.
#  Modification time never checked.
#  File has not been updated.
#  commands to execute (from `../DaisyExamples/libDaisy//core/Makefile', line 278):
	ddd --eval-command="target remote localhost:3333" --debugger $(GDB) $(TARGET_ELF)
	

../DaisyExamples/libDaisy//Drivers/STM32H7xx_HAL_Driver/Inc/stm32h7xx_hal_rcc.h:
#  Implicit rule search has been done.
#  Last modified 2022-06-09 21:32:35
#  File has been updated.
#  Successfully updated.
# variable set hash-table stats:
# Load=0/32=0%, Rehash=0, Collisions=0/0=0%

# Not a target:
../DaisyExamples/libDaisy//core/startup_stm32h750xx.c:
#  Implicit rule search has been done.
#  Last modified 2022-06-09 21:32:35
#  File has been updated.
#  Successfully updated.
# variable set hash-table stats:
# Load=0/32=0%, Rehash=0, Collisions=0/0=0%

../DaisyExamples/libDaisy//Drivers/STM32H7xx_HAL_Driver/Inc/stm32h7xx_hal_rtc.h:
#  Implicit rule search has been done.
#  Last modified 2022-06-09 21:32:35
#  File has been updated.
#  Successfully updated.
# variable set hash-table stats:
# Load=0/32=0%, Rehash=0, Collisions=0/0=0%

 
../DaisyExamples/libDaisy//Drivers/STM32H7xx_HAL_Driver/Inc/stm32h7xx_hal_spdifrx.h:
#  Implicit rule search has been done.
#  Last modified 2022-06-09 21:32:35
#  File has been updated.
#  Successfully updated.
# variable set hash-table stats:
# Load=0/32=0%, Rehash=0, Collisions=0/0=0%

../DaisyExamples/libDaisy//Drivers/STM32H7xx_HAL_Driver/Inc/stm32h7xx_hal_mmc_ex.h:
#  Implicit rule search has been done.
#  Last modified 2022-06-09 21:32:35
#  File has been updated.
#  Successfully updated.
# variable set hash-table stats:
# Load=0/32=0%, Rehash=0, Collisions=0/0=0%

all: build/that_simple.elf build/that_simple.hex build/that_simple.bin
#  Command-line target.
#  Implicit rule search has been done.
#  File does not exist.
#  File has been updated.
#  Needs to be updated (-q is set).
# variable set hash-table stats:
# Load=0/32=0%, Rehash=0, Collisions=0/31=0%

openocd:
#  Implicit rule search has not been done.
#  Modification time never checked.
#  File has not been updated.
#  commands to execute (from `../DaisyExamples/libDaisy//core/Makefile', line 263):
	$(OCD) -s $(OCD_DIR) $(OCDFLAGS)
	

../DaisyExamples/libDaisy//Drivers/STM32H7xx_HAL_Driver/Inc/stm32h7xx_hal_exti.h:
#  Implicit rule search has been done.
#  Last modified 2022-06-09 21:32:35
#  File has been updated.
#  Successfully updated.
# variable set hash-table stats:
# Load=0/32=0%, Rehash=0, Collisions=0/0=0%

../DaisyExamples/libDaisy//Drivers/STM32H7xx_HAL_Driver/Inc/stm32h7xx_hal_irda_ex.h:
#  Implicit rule search has been done.
#  Last modified 2022-06-09 21:32:35
#  File has been updated.
#  Successfully updated.
# variable set hash-table stats:
# Load=0/32=0%, Rehash=0, Collisions=0/0=0%

../DaisyExamples/libDaisy//Drivers/CMSIS/Include/cmsis_compiler.h:
#  Implicit rule search has been done.
#  Last modified 2022-06-09 21:32:35
#  File has been updated.
#  Successfully updated.
# variable set hash-table stats:
# Load=0/32=0%, Rehash=0, Collisions=0/0=0%

../DaisyExamples/libDaisy//Drivers/STM32H7xx_HAL_Driver/Inc/stm32h7xx_hal_wwdg.h:
#  Implicit rule search has been done.
#  Last modified 2022-06-09 21:32:35
#  File has been updated.
#  Successfully updated.
# variable set hash-table stats:
# Load=0/32=0%, Rehash=0, Collisions=0/0=0%

../DaisyExamples/libDaisy//Drivers/STM32H7xx_HAL_Driver/Inc/stm32h7xx_hal_rng.h:
#  Implicit rule search has been done.
#  Last modified 2022-06-09 21:32:35
#  File has been updated.
#  Successfully updated.
# variable set hash-table stats:
# Load=0/32=0%, Rehash=0, Collisions=0/0=0%

../DaisyExamples/libDaisy//Drivers/STM32H7xx_HAL_Driver/Inc/stm32h7xx_hal_smbus.h:
#  Implicit rule search has been done.
#  Last modified 2022-06-09 21:32:35
#  File has been updated.
#  Successfully updated.
# variable set hash-table stats:
# Load=0/32=0%, Rehash=0, Collisions=0/0=0%

../DaisyExamples/libDaisy//Drivers/STM32H7xx_HAL_Driver/Inc/stm32h7xx_hal_sdram.h:
#  Implicit rule search has been done.
#  Last modified 2022-06-09 21:32:35
#  File has been updated.
#  Successfully updated.
# variable set hash-table stats:
# Load=0/32=0%, Rehash=0, Collisions=0/0=0%

../DaisyExamples/libDaisy//Drivers/STM32H7xx_HAL_Driver/Inc/stm32h7xx_hal_hsem.h:
#  Implicit rule search has been done.
#  Last modified 2022-06-09 21:32:35
#  File has been updated.
#  Successfully updated.
# variable set hash-table stats:
# Load=0/32=0%, Rehash=0, Collisions=0/0=0%

program-dfu:
#  Implicit rule search has not been done.
#  Modification time never checked.
#  File has not been updated.
#  commands to execute (from `../DaisyExamples/libDaisy//core/Makefile', line 289):
	dfu-util -a 0 -s $(FLASH_ADDRESS):leave -D $(BUILD_DIR)/$(TARGET_BIN) -d ,0483:df11
	

../DaisyExamples/libDaisy//Drivers/STM32H7xx_HAL_Driver/Inc/stm32h7xx_hal_qspi.h:
#  Implicit rule search has been done.
#  Last modified 2022-06-09 21:32:35
#  File has been updated.
#  Successfully updated.
# variable set hash-table stats:
# Load=0/32=0%, Rehash=0, Collisions=0/0=0%

# Not a target:
build/startup_stm32h750xx.d:
#  A default, MAKEFILES, or -include/sinclude makefile.
#  Implicit rule search has been done.
#  Last modified 2022-06-11 15:01:32
#  File has been updated.
#  Successfully updated.
# variable set hash-table stats:
# Load=0/32=0%, Rehash=0, Collisions=0/0=0%

../DaisyExamples/libDaisy//Drivers/STM32H7xx_HAL_Driver/Inc/stm32h7xx_hal_gpio_ex.h:
#  Implicit rule search has been done.
#  Last modified 2022-06-09 21:32:35
#  File has been updated.
#  Successfully updated.
# variable set hash-table stats:
# Load=0/32=0%, Rehash=0, Collisions=0/0=0%

../DaisyExamples/libDaisy//Drivers/STM32H7xx_HAL_Driver/Inc/stm32h7xx_hal_jpeg.h:
#  Implicit rule search has been done.
#  Last modified 2022-06-09 21:32:35
#  File has been updated.
#  Successfully updated.
# variable set hash-table stats:
# Load=0/32=0%, Rehash=0, Collisions=0/0=0%

# Not a target:
build/Spotykach.o:
#  Implicit rule search has not been done.
#  Modification time never checked.
#  File has not been updated.

# Not a target:
.SUFFIXES:
#  Implicit rule search has not been done.
#  Modification time never checked.
#  File has not been updated.

../DaisyExamples/libDaisy//Drivers/STM32H7xx_HAL_Driver/Inc/stm32h7xx_hal_crc_ex.h:
#  Implicit rule search has been done.
#  Last modified 2022-06-09 21:32:35
#  File has been updated.
#  Successfully updated.
# variable set hash-table stats:
# Load=0/32=0%, Rehash=0, Collisions=0/0=0%

../DaisyExamples/libDaisy//src/sys/stm32h7xx_hal_conf.h:
#  Implicit rule search has been done.
#  Last modified 2022-06-09 21:32:35
#  File has been updated.
#  Successfully updated.
# variable set hash-table stats:
# Load=0/32=0%, Rehash=0, Collisions=0/0=0%

../DaisyExamples/libDaisy//Drivers/STM32H7xx_HAL_Driver/Inc/stm32h7xx_hal_cryp.h:
#  Implicit rule search has been done.
#  Last modified 2022-06-09 21:32:35
#  File has been updated.
#  Successfully updated.
# variable set hash-table stats:
# Load=0/32=0%, Rehash=0, Collisions=0/0=0%

# Not a target:
Makefile:
#  Implicit rule search has been done.
#  Last modified 2022-06-11 15:11:39
#  File has been updated.
#  Successfully updated.
# variable set hash-table stats:
# Load=0/32=0%, Rehash=0, Collisions=0/0=0%

../DaisyExamples/libDaisy//Drivers/STM32H7xx_HAL_Driver/Inc/stm32h7xx_hal_rcc_ex.h:
#  Implicit rule search has been done.
#  Last modified 2022-06-09 21:32:35
#  File has been updated.
#  Successfully updated.
# variable set hash-table stats:
# Load=0/32=0%, Rehash=0, Collisions=0/0=0%

../DaisyExamples/libDaisy//Drivers/STM32H7xx_HAL_Driver/Inc/stm32h7xx_hal_usart.h:
#  Implicit rule search has been done.
#  Last modified 2022-06-09 21:32:35
#  File has been updated.
#  Successfully updated.
# variable set hash-table stats:
# Load=0/32=0%, Rehash=0, Collisions=0/0=0%

../DaisyExamples/libDaisy//Drivers/STM32H7xx_HAL_Driver/Inc/stm32h7xx_hal_pcd_ex.h:
#  Implicit rule search has been done.
#  Last modified 2022-06-09 21:32:35
#  File has been updated.
#  Successfully updated.
# variable set hash-table stats:
# Load=0/32=0%, Rehash=0, Collisions=0/0=0%

debug:
#  Implicit rule search has not been done.
#  Modification time never checked.
#  File has not been updated.
#  commands to execute (from `../DaisyExamples/libDaisy//core/Makefile', line 266):
	@if ! nc -z localhost 3333; then \
	echo "\n\t[Error] OpenOCD is not running! Start it with: 'make openocd'\n"; exit 1; \
	else \
	$(GDB)  -ex "target extended localhost:3333" \
	-ex "monitor arm semihosting enable" \
	-ex "monitor reset halt" \
	-ex "load" \
	-ex "monitor reset init" \
	$(GDBFLAGS) build/$(TARGET).elf; \
	fi
	

../DaisyExamples/libDaisy//Drivers/STM32H7xx_HAL_Driver/Inc/stm32h7xx_hal_rtc_ex.h:
#  Implicit rule search has been done.
#  Last modified 2022-06-09 21:32:35
#  File has been updated.
#  Successfully updated.
# variable set hash-table stats:
# Load=0/32=0%, Rehash=0, Collisions=0/0=0%

../DaisyExamples/libDaisy//Drivers/STM32H7xx_HAL_Driver/Inc/stm32h7xx_hal_ltdc.h:
#  Implicit rule search has been done.
#  Last modified 2022-06-09 21:32:35
#  File has been updated.
#  Successfully updated.
# variable set hash-table stats:
# Load=0/32=0%, Rehash=0, Collisions=0/0=0%

 
../DaisyExamples/libDaisy//Drivers/STM32H7xx_HAL_Driver/Inc/stm32h7xx_hal_i2c.h:
#  Implicit rule search has been done.
#  Last modified 2022-06-09 21:32:35
#  File has been updated.
#  Successfully updated.
# variable set hash-table stats:
# Load=0/32=0%, Rehash=0, Collisions=0/0=0%

program-app:
#  Implicit rule search has not been done.
#  Modification time never checked.
#  File has not been updated.
#  commands to execute (from `../DaisyExamples/libDaisy//core/Makefile', line 292):
	dfu-util -a 0 -s $(QSPI_ADDRESS):leave -D $(BUILD_DIR)/$(TARGET_BIN) -d ,0483:df11
	

build:
#  Implicit rule search has not been done.
#  Last modified 2022-06-11 15:01:32
#  File has been updated.
#  Successfully updated.
#  commands to execute (from `../DaisyExamples/libDaisy//core/Makefile', line 250):
	mkdir $@
	

../DaisyExamples/libDaisy//Drivers/STM32H7xx_HAL_Driver/Inc/stm32h7xx_hal_dfsdm.h:
#  Implicit rule search has been done.
#  Last modified 2022-06-09 21:32:35
#  File has been updated.
#  Successfully updated.
# variable set hash-table stats:
# Load=0/32=0%, Rehash=0, Collisions=0/0=0%

# Not a target:
build/SliceBuffer.o:
#  Implicit rule search has not been done.
#  Modification time never checked.
#  File has not been updated.

../DaisyExamples/libDaisy//Drivers/STM32H7xx_HAL_Driver/Inc/stm32h7xx_hal_uart.h:
#  Implicit rule search has been done.
#  Last modified 2022-06-09 21:32:35
#  File has been updated.
#  Successfully updated.
# variable set hash-table stats:
# Load=0/32=0%, Rehash=0, Collisions=0/0=0%

../DaisyExamples/libDaisy//Drivers/STM32H7xx_HAL_Driver/Inc/stm32h7xx_hal_hash_ex.h:
#  Implicit rule search has been done.
#  Last modified 2022-06-09 21:32:35
#  File has been updated.
#  Successfully updated.
# variable set hash-table stats:
# Load=0/32=0%, Rehash=0, Collisions=0/0=0%

../DaisyExamples/libDaisy//Drivers/STM32H7xx_HAL_Driver/Inc/stm32h7xx_hal_smartcard.h:
#  Implicit rule search has been done.
#  Last modified 2022-06-09 21:32:35
#  File has been updated.
#  Successfully updated.
# variable set hash-table stats:
# Load=0/32=0%, Rehash=0, Collisions=0/0=0%

../DaisyExamples/libDaisy//Drivers/STM32H7xx_HAL_Driver/Inc/stm32h7xx_ll_usb.h:
#  Implicit rule search has been done.
#  Last modified 2022-06-09 21:32:35
#  File has been updated.
#  Successfully updated.
# variable set hash-table stats:
# Load=0/32=0%, Rehash=0, Collisions=0/0=0%

../DaisyExamples/libDaisy//Drivers/STM32H7xx_HAL_Driver/Inc/stm32h7xx_hal_sram.h:
#  Implicit rule search has been done.
#  Last modified 2022-06-09 21:32:35
#  File has been updated.
#  Successfully updated.
# variable set hash-table stats:
# Load=0/32=0%, Rehash=0, Collisions=0/0=0%

# Not a target:
build/Generator.o:
#  Implicit rule search has not been done.
#  Modification time never checked.
#  File has not been updated.

../DaisyExamples/libDaisy//Drivers/STM32H7xx_HAL_Driver/Inc/stm32h7xx_hal_i2s.h:
#  Implicit rule search has been done.
#  Last modified 2022-06-09 21:32:35
#  File has been updated.
#  Successfully updated.
# variable set hash-table stats:
# Load=0/32=0%, Rehash=0, Collisions=0/0=0%

../DaisyExamples/libDaisy//Drivers/STM32H7xx_HAL_Driver/Inc/stm32h7xx_hal_nor.h:
#  Implicit rule search has been done.
#  Last modified 2022-06-09 21:32:35
#  File has been updated.
#  Successfully updated.
# variable set hash-table stats:
# Load=0/32=0%, Rehash=0, Collisions=0/0=0%

../DaisyExamples/libDaisy//Drivers/STM32H7xx_HAL_Driver/Inc/stm32h7xx_hal_dac.h:
#  Implicit rule search has been done.
#  Last modified 2022-06-09 21:32:35
#  File has been updated.
#  Successfully updated.
# variable set hash-table stats:
# Load=0/32=0%, Rehash=0, Collisions=0/0=0%

../DaisyExamples/libDaisy//Drivers/STM32H7xx_HAL_Driver/Inc/stm32h7xx_hal_hash.h:
#  Implicit rule search has been done.
#  Last modified 2022-06-09 21:32:35
#  File has been updated.
#  Successfully updated.
# variable set hash-table stats:
# Load=0/32=0%, Rehash=0, Collisions=0/0=0%

../DaisyExamples/libDaisy//Drivers/STM32H7xx_HAL_Driver/Inc/stm32h7xx_hal_cryp_ex.h:
#  Implicit rule search has been done.
#  Last modified 2022-06-09 21:32:35
#  File has been updated.
#  Successfully updated.
# variable set hash-table stats:
# Load=0/32=0%, Rehash=0, Collisions=0/0=0%

../DaisyExamples/libDaisy//Drivers/STM32H7xx_HAL_Driver/Inc/stm32h7xx_hal_sai.h:
#  Implicit rule search has been done.
#  Last modified 2022-06-09 21:32:35
#  File has been updated.
#  Successfully updated.
# variable set hash-table stats:
# Load=0/32=0%, Rehash=0, Collisions=0/0=0%

build/startup_stm32h750xx.o: ../DaisyExamples/libDaisy//core/startup_stm32h750xx.c Makefile ../DaisyExamples/libDaisy//Drivers/CMSIS/Device/ST/STM32H7xx/Include/stm32h7xx.h ../DaisyExamples/libDaisy//Drivers/CMSIS/Device/ST/STM32H7xx/Include/stm32h750xx.h ../DaisyExamples/libDaisy//Drivers/CMSIS/Include/core_cm7.h ../DaisyExamples/libDaisy//Drivers/CMSIS/Include/cmsis_compiler.h ../DaisyExamples/libDaisy//Drivers/CMSIS/Include/cmsis_gcc.h ../DaisyExamples/libDaisy//Drivers/CMSIS/Device/ST/STM32H7xx/Include/system_stm32h7xx.h ../DaisyExamples/libDaisy//Drivers/STM32H7xx_HAL_Driver/Inc/stm32h7xx_hal.h ../DaisyExamples/libDaisy//src/sys/stm32h7xx_hal_conf.h ../DaisyExamples/libDaisy//Drivers/STM32H7xx_HAL_Driver/Inc/stm32h7xx_hal_rcc.h ../DaisyExamples/libDaisy//Drivers/STM32H7xx_HAL_Driver/Inc/stm32h7xx_hal_def.h ../DaisyExamples/libDaisy//Drivers/STM32H7xx_HAL_Driver/Inc/Legacy/stm32_hal_legacy.h ../DaisyExamples/libDaisy//Drivers/STM32H7xx_HAL_Driver/Inc/stm32h7xx_hal_rcc_ex.h ../DaisyExamples/libDaisy//Drivers/STM32H7xx_HAL_Driver/Inc/stm32h7xx_hal_gpio.h ../DaisyExamples/libDaisy//Drivers/STM32H7xx_HAL_Driver/Inc/stm32h7xx_hal_gpio_ex.h ../DaisyExamples/libDaisy//Drivers/STM32H7xx_HAL_Driver/Inc/stm32h7xx_hal_dma.h ../DaisyExamples/libDaisy//Drivers/STM32H7xx_HAL_Driver/Inc/stm32h7xx_hal_dma_ex.h ../DaisyExamples/libDaisy//Drivers/STM32H7xx_HAL_Driver/Inc/stm32h7xx_hal_mdma.h ../DaisyExamples/libDaisy//Drivers/STM32H7xx_HAL_Driver/Inc/stm32h7xx_hal_hash.h ../DaisyExamples/libDaisy//Drivers/STM32H7xx_HAL_Driver/Inc/stm32h7xx_hal_hash_ex.h ../DaisyExamples/libDaisy//Drivers/STM32H7xx_HAL_Driver/Inc/stm32h7xx_hal_dcmi.h ../DaisyExamples/libDaisy//Drivers/STM32H7xx_HAL_Driver/Inc/stm32h7xx_hal_dma2d.h ../DaisyExamples/libDaisy//Drivers/STM32H7xx_HAL_Driver/Inc/stm32h7xx_hal_dsi.h ../DaisyExamples/libDaisy//Drivers/STM32H7xx_HAL_Driver/Inc/stm32h7xx_hal_dfsdm.h ../DaisyExamples/libDaisy//Drivers/STM32H7xx_HAL_Driver/Inc/stm32h7xx_hal_eth.h ../DaisyExamples/libDaisy//Drivers/STM32H7xx_HAL_Driver/Inc/stm32h7xx_hal_eth_ex.h ../DaisyExamples/libDaisy//Drivers/STM32H7xx_HAL_Driver/Inc/stm32h7xx_hal_exti.h ../DaisyExamples/libDaisy//Drivers/STM32H7xx_HAL_Driver/Inc/stm32h7xx_hal_cortex.h ../DaisyExamples/libDaisy//Drivers/STM32H7xx_HAL_Driver/Inc/stm32h7xx_hal_adc.h ../DaisyExamples/libDaisy//Drivers/STM32H7xx_HAL_Driver/Inc/stm32h7xx_ll_adc.h ../DaisyExamples/libDaisy//Drivers/STM32H7xx_HAL_Driver/Inc/stm32h7xx_hal_adc_ex.h ../DaisyExamples/libDaisy//Drivers/STM32H7xx_HAL_Driver/Inc/stm32h7xx_hal_fdcan.h ../DaisyExamples/libDaisy//Drivers/STM32H7xx_HAL_Driver/Inc/stm32h7xx_hal_cec.h ../DaisyExamples/libDaisy//Drivers/STM32H7xx_HAL_Driver/Inc/stm32h7xx_hal_comp.h ../DaisyExamples/libDaisy//Drivers/STM32H7xx_HAL_Driver/Inc/stm32h7xx_hal_crc.h ../DaisyExamples/libDaisy//Drivers/STM32H7xx_HAL_Driver/Inc/stm32h7xx_hal_crc_ex.h ../DaisyExamples/libDaisy//Drivers/STM32H7xx_HAL_Driver/Inc/stm32h7xx_hal_cryp.h ../DaisyExamples/libDaisy//Drivers/STM32H7xx_HAL_Driver/Inc/stm32h7xx_hal_cryp_ex.h ../DaisyExamples/libDaisy//Drivers/STM32H 
7xx_HAL_Driver/Inc/stm32h7xx_hal_dac.h ../DaisyExamples/libDaisy//Drivers/STM32H7xx_HAL_Driver/Inc/stm32h7xx_hal_dac_ex.h ../DaisyExamples/libDaisy//Drivers/STM32H7xx_HAL_Driver/Inc/stm32h7xx_hal_flash.h ../DaisyExamples/libDaisy//Drivers/STM32H7xx_HAL_Driver/Inc/stm32h7xx_hal_flash_ex.h ../DaisyExamples/libDaisy//Drivers/STM32H7xx_HAL_Driver/Inc/stm32h7xx_hal_hrtim.h ../DaisyExamples/libDaisy//Drivers/STM32H7xx_HAL_Driver/Inc/stm32h7xx_hal_hsem.h ../DaisyExamples/libDaisy//Drivers/STM32H7xx_HAL_Driver/Inc/stm32h7xx_hal_sram.h ../DaisyExamples/libDaisy//Drivers/STM32H7xx_HAL_Driver/Inc/stm32h7xx_ll_fmc.h ../DaisyExamples/libDaisy//Drivers/STM32H7xx_HAL_Driver/Inc/stm32h7xx_hal_nor.h ../DaisyExamples/libDaisy//Drivers/STM32H7xx_HAL_Driver/Inc/stm32h7xx_hal_nand.h ../DaisyExamples/libDaisy//Drivers/STM32H7xx_HAL_Driver/Inc/stm32h7xx_hal_i2c.h ../DaisyExamples/libDaisy//Drivers/STM32H7xx_HAL_Driver/Inc/stm32h7xx_hal_i2c_ex.h ../DaisyExamples/libDaisy//Drivers/STM32H7xx_HAL_Driver/Inc/stm32h7xx_hal_i2s.h ../DaisyExamples/libDaisy//Drivers/STM32H7xx_HAL_Driver/Inc/stm32h7xx_hal_iwdg.h ../DaisyExamples/libDaisy//Drivers/STM32H7xx_HAL_Driver/Inc/stm32h7xx_hal_jpeg.h ../DaisyExamples/libDaisy//Drivers/STM32H7xx_HAL_Driver/Inc/stm32h7xx_hal_mdios.h ../DaisyExamples/libDaisy//Drivers/STM32H7xx_HAL_Driver/Inc/stm32h7xx_hal_mmc.h ../DaisyExamples/libDaisy//Drivers/STM32H7xx_HAL_Driver/Inc/stm32h7xx_ll_sdmmc.h ../DaisyExamples/libDaisy//Drivers/STM32H7xx_HAL_Driver/Inc/stm32h7xx_hal_mmc_ex.h ../DaisyExamples/libDaisy//Drivers/STM32H7xx_HAL_Driver/Inc/stm32h7xx_hal_lptim.h ../DaisyExamples/libDaisy//Drivers/STM32H7xx_HAL_Driver/Inc/stm32h7xx_hal_ltdc.h ../DaisyExamples/libDaisy//Drivers/STM32H7xx_HAL_Driver/Inc/stm32h7xx_hal_ltdc_ex.h ../DaisyExamples/libDaisy//Drivers/STM32H7xx_HAL_Driver/Inc/stm32h7xx_hal_opamp.h ../DaisyExamples/libDaisy//Drivers/STM32H7xx_HAL_Driver/Inc/stm32h7xx_hal_opamp_ex.h ../DaisyExamples/libDaisy//Drivers/STM32H7xx_HAL_Driver/Inc/stm32h7xx_hal_pwr.h ../DaisyExamples/libDaisy//Drivers/STM32H7xx_HAL_Driver/Inc/stm32h7xx_hal_pwr_ex.h ../DaisyExamples/libDaisy//Drivers/STM32H7xx_HAL_Driver/Inc/stm32h7xx_hal_qspi.h ../DaisyExamples/libDaisy//Drivers/STM32H7xx_HAL_Driver/Inc/stm32h7xx_hal_ramecc.h ../DaisyExamples/libDaisy//Drivers/STM32H7xx_HAL_Driver/Inc/stm32h7xx_hal_rng.h ../DaisyExamples/libDaisy//Drivers/STM32H7xx_HAL_Driver/Inc/stm32h7xx_hal_rtc.h ../DaisyExamples/libDaisy//Drivers/STM32H7xx_HAL_Driver/Inc/stm32h7xx_hal_rtc_ex.h ../DaisyExamples/libDaisy//Drivers/STM32H7xx_HAL_Driver/Inc/stm32h7xx_hal_sai.h ../DaisyExamples/libDaisy//Drivers/STM32H7xx_HAL_Driver/Inc/stm32h7xx_hal_sai_ex.h ../DaisyExamples/libDaisy//Drivers/STM32H7xx_HAL_Driver/Inc/stm32h7xx_hal_sd.h ../DaisyExamples/libDaisy//Drivers/STM32H7xx_HAL_Driver/Inc/stm32h7xx_ll_delayblock.h ../DaisyExamples/libDaisy//Drivers/STM32H7xx_HAL_Driver/Inc/stm32h7xx_hal_sd_ex.h ../DaisyExamples/libDaisy//Drivers/STM32H7xx_HAL_Driver/Inc/stm32h7xx_hal_sdram.h ../DaisyExamples/libDaisy//Drivers/STM32H7xx_HAL_Driver/Inc/stm32h7xx_hal_spi.h ../DaisyExamples/libDaisy//Drivers/STM32H7xx_HAL_Driver/Inc/stm32h7xx_hal_spi_ex.h ../DaisyExamples/libDaisy//Drivers/STM32H7xx_HAL_Driver/Inc/stm32h7xx_hal_spdifrx.h ../DaisyExamples/libDaisy//Drivers/STM32H7xx_HAL_Driver/Inc/stm32h7xx_hal_swpmi.h ../DaisyExamples/libDaisy//Drivers/STM32H7xx_HAL_Driver/Inc/stm32h7xx_hal_tim.h ../DaisyExamples/libDaisy//Drivers/STM32H7xx_HAL_Driver/Inc/stm32h7xx_hal_tim_ex.h ../DaisyExamples/libDaisy//Drivers/STM32H7xx_HAL_Driver/Inc/stm32h7xx_hal_uart.h ../DaisyExamples/libDaisy//Drivers/STM32H7xx_HAL_Driver/Inc/stm32h7xx_hal_uart_ex.h ../DaisyExamples/libDaisy//Drivers/STM32H7xx_HAL_Driver/Inc/stm32h7xx_hal_usart.h ../DaisyExamples/libDaisy//Drivers/STM32H7xx_HAL_Driver/Inc/stm32h7xx_hal_usart_ex.h ../DaisyExamples/libDaisy//Drivers/STM32H7xx_HAL_Driver/Inc/stm32h7xx_hal_irda.h ../DaisyExamples/libDaisy//Drivers/STM32H7xx_HAL_Driver/Inc/stm32h7xx_hal_irda_ex.h ../DaisyExamples/libDaisy//Drivers/STM32H7xx_HAL_Driver/Inc/stm32h7xx_hal_smartcard.h ../DaisyExamples/libDaisy//Drivers/STM32H7xx_HAL_Driver/Inc/stm32h7xx_hal_smartcard_ex.h ../DaisyExamples/libDaisy//Drivers/STM32H7xx_HAL_Driver/Inc/stm32h7xx_hal_smbus.h ../DaisyExamples/libDaisy//Drivers/STM32H7xx_HAL_Driver/Inc/stm32h7xx_hal_wwdg.h ../DaisyExamples/libDaisy//Drivers/STM32H7xx_HAL_Driver/Inc/stm32h7xx_hal_pcd.h ../DaisyExamples/libDaisy//Drivers/STM32H7xx_HAL_Driver/Inc/stm32h7xx_ll_usb.h ../DaisyExamples/libDaisy//Drivers/STM32H7xx_HAL_Driver/Inc/stm32h7xx_hal_pcd_ex.h ../DaisyExamples/libDaisy//Drivers/STM32H7xx_HAL_Driver/Inc/stm32h7xx_hal_hcd.h | build
#  Implicit rule search has been done.
#  Implicit/static pattern stem: `startup_stm32h750xx'
#  Last modified 2022-06-11 15:01:32
#  File has been updated.
#  Needs to be updated (-q is set).
# automatic
# @ := build/startup_stm32h750xx.o
# automatic
# % := 
# automatic
# * := startup_stm32h750xx
# automatic
# + := ../DaisyExamples/libDaisy//core/startup_stm32h750xx.c Makefile ../DaisyExamples/libDaisy//core/startup_stm32h750xx.c ../DaisyExamples/libDaisy//Drivers/CMSIS/Device/ST/STM32H7xx/Include/stm32h7xx.h ../DaisyExamples/libDaisy//Drivers/CMSIS/Device/ST/STM32H7xx/Include/stm32h750xx.h ../DaisyExamples/libDaisy//Drivers/CMSIS/Include/core_cm7.h ../DaisyExamples/libDaisy//Drivers/CMSIS/Include/cmsis_compiler.h ../DaisyExamples/libDaisy//Drivers/CMSIS/Include/cmsis_gcc.h ../DaisyExamples/libDaisy//Drivers/CMSIS/Device/ST/STM32H7xx/Include/system_stm32h7xx.h ../DaisyExamples/libDaisy//Drivers/STM32H7xx_HAL_Driver/Inc/stm32h7xx_hal.h ../DaisyExamples/libDaisy//src/sys/stm32h7xx_hal_conf.h ../DaisyExamples/libDaisy//Drivers/STM32H7xx_HAL_Driver/Inc/stm32h7xx_hal_rcc.h ../DaisyExamples/libDaisy//Drivers/STM32H7xx_HAL_Driver/Inc/stm32h7xx_hal_def.h ../DaisyExamples/libDaisy//Drivers/STM32H7xx_HAL_Driver/Inc/Legacy/stm32_hal_legacy.h ../DaisyExamples/libDaisy//Drivers/STM32H7xx_HAL_Driver/Inc/stm32h7xx_hal_rcc_ex.h ../DaisyExamples/libDaisy//Drivers/STM32H7xx_HAL_Driver/Inc/stm32h7xx_hal_gpio.h ../DaisyExamples/libDaisy//Drivers/STM32H7xx_HAL_Driver/Inc/stm32h7xx_hal_gpio_ex.h ../DaisyExamples/libDaisy//Drivers/STM32H7xx_HAL_Driver/Inc/stm32h7xx_hal_dma.h ../DaisyExamples/libDaisy//Drivers/STM32H7xx_HAL_Driver/Inc/stm32h7xx_hal_dma_ex.h ../DaisyExamples/libDaisy//Drivers/STM32H7xx_HAL_Driver/Inc/stm32h7xx_hal_mdma.h ../DaisyExamples/libDaisy//Drivers/STM32H7xx_HAL_Driver/Inc/stm32h7xx_hal_hash.h ../DaisyExamples/libDaisy//Drivers/STM32H7xx_HAL_Driver/Inc/stm32h7xx_hal_hash_ex.h ../DaisyExamples/libDaisy//Drivers/STM32H7xx_HAL_Driver/Inc/stm32h7xx_hal_dcmi.h ../DaisyExamples/libDaisy//Drivers/STM32H7xx_HAL_Driver/Inc/stm32h7xx_hal_dma2d.h ../DaisyExamples/libDaisy//Drivers/STM32H7xx_HAL_Driver/Inc/stm32h7xx_hal_dsi.h ../DaisyExamples/libDaisy//Drivers/STM32H7xx_HAL_Driver/Inc/stm32h7xx_hal_dfsdm.h ../DaisyExamples/libDaisy//Drivers/STM32H7xx_HAL_Driver/Inc/stm32h7xx_hal_eth.h ../DaisyExamples/libDaisy//Drivers/STM32H7xx_HAL_Driver/Inc/stm32h7xx_hal_eth_ex.h ../DaisyExamples/libDaisy//Drivers/STM32H7xx_HAL_Driver/Inc/stm32h7xx_hal_exti.h ../DaisyExamples/libDaisy//Drivers/STM32H7xx_HAL_Driver/Inc/stm32h7xx_hal_cortex.h ../DaisyExamples/libDaisy//Drivers/STM32H7xx_HAL_Driver/Inc/stm32h7xx_hal_adc.h ../DaisyExamples/libDaisy//Drivers/STM32H7xx_HAL_Driver/Inc/stm32h7xx_ll_adc.h ../DaisyExamples/libDaisy//Drivers/STM32H7xx_HAL_Driver/Inc/stm32h7xx_hal_adc_ex.h ../DaisyExamples/libDaisy//Drivers/STM32H7xx_HAL_Driver/Inc/stm32h7xx_hal_fdcan.h ../DaisyExamples/libDaisy//Drivers/STM32H7xx_HAL_Driver/Inc/stm32h7xx_hal_cec.h ../DaisyExamples/libDaisy//Drivers/STM32H7xx_HAL_Driver/Inc/stm32h7xx_hal_comp.h ../DaisyExamples/libDaisy//Drivers/STM32H7xx_HAL_Driver/Inc/stm32h7xx_hal_crc.h ../DaisyExamples/libDaisy//Drivers/STM32H7xx_HAL_Driver/Inc/stm32h7xx_hal_crc_ex.h ../DaisyExamples/libDaisy//Drivers/STM32H7xx_HAL_Driver/Inc/stm32h7xx_hal_cryp.h ../DaisyExamples/libDaisy//Drivers/STM32H7xx_HAL_Driver/Inc/stm32h7xx_hal_cryp_ex.h ../DaisyE 
xamples/libDaisy//Drivers/STM32H7xx_HAL_Driver/Inc/stm32h7xx_hal_dac.h ../DaisyExamples/libDaisy//Drivers/STM32H7xx_HAL_Driver/Inc/stm32h7xx_hal_dac_ex.h ../DaisyExamples/libDaisy//Drivers/STM32H7xx_HAL_Driver/Inc/stm32h7xx_hal_flash.h ../DaisyExamples/libDaisy//Drivers/STM32H7xx_HAL_Driver/Inc/stm32h7xx_hal_flash_ex.h ../DaisyExamples/libDaisy//Drivers/STM32H7xx_HAL_Driver/Inc/stm32h7xx_hal_hrtim.h ../DaisyExamples/libDaisy//Drivers/STM32H7xx_HAL_Driver/Inc/stm32h7xx_hal_hsem.h ../DaisyExamples/libDaisy//Drivers/STM32H7xx_HAL_Driver/Inc/stm32h7xx_hal_sram.h ../DaisyExamples/libDaisy//Drivers/STM32H7xx_HAL_Driver/Inc/stm32h7xx_ll_fmc.h ../DaisyExamples/libDaisy//Drivers/STM32H7xx_HAL_Driver/Inc/stm32h7xx_hal_nor.h ../DaisyExamples/libDaisy//Drivers/STM32H7xx_HAL_Driver/Inc/stm32h7xx_hal_nand.h ../DaisyExamples/libDaisy//Drivers/STM32H7xx_HAL_Driver/Inc/stm32h7xx_hal_i2c.h ../DaisyExamples/libDaisy//Drivers/STM32H7xx_HAL_Driver/Inc/stm32h7xx_hal_i2c_ex.h ../DaisyExamples/libDaisy//Drivers/STM32H7xx_HAL_Driver/Inc/stm32h7xx_hal_i2s.h ../DaisyExamples/libDaisy//Drivers/STM32H7xx_HAL_Driver/Inc/stm32h7xx_hal_iwdg.h ../DaisyExamples/libDaisy//Drivers/STM32H7xx_HAL_Driver/Inc/stm32h7xx_hal_jpeg.h ../DaisyExamples/libDaisy//Drivers/STM32H7xx_HAL_Driver/Inc/stm32h7xx_hal_mdios.h ../DaisyExamples/libDaisy//Drivers/STM32H7xx_HAL_Driver/Inc/stm32h7xx_hal_mmc.h ../DaisyExamples/libDaisy//Drivers/STM32H7xx_HAL_Driver/Inc/stm32h7xx_ll_sdmmc.h ../DaisyExamples/libDaisy//Drivers/STM32H7xx_HAL_Driver/Inc/stm32h7xx_hal_mmc_ex.h ../DaisyExamples/libDaisy//Drivers/STM32H7xx_HAL_Driver/Inc/stm32h7xx_hal_lptim.h ../DaisyExamples/libDaisy//Drivers/STM32H7xx_HAL_Driver/Inc/stm32h7xx_hal_ltdc.h ../DaisyExamples/libDaisy//Drivers/STM32H7xx_HAL_Driver/Inc/stm32h7xx_hal_ltdc_ex.h ../DaisyExamples/libDaisy//Drivers/STM32H7xx_HAL_Driver/Inc/stm32h7xx_hal_opamp.h ../DaisyExamples/libDaisy//Drivers/STM32H7xx_HAL_Driver/Inc/stm32h7xx_hal_opamp_ex.h ../DaisyExamples/libDaisy//Drivers/STM32H7xx_HAL_Driver/Inc/stm32h7xx_hal_pwr.h ../DaisyExamples/libDaisy//Drivers/STM32H7xx_HAL_Driver/Inc/stm32h7xx_hal_pwr_ex.h ../DaisyExamples/libDaisy//Drivers/STM32H7xx_HAL_Driver/Inc/stm32h7xx_hal_qspi.h ../DaisyExamples/libDaisy//Drivers/STM32H7xx_HAL_Driver/Inc/stm32h7xx_hal_ramecc.h ../DaisyExamples/libDaisy//Drivers/STM32H7xx_HAL_Driver/Inc/stm32h7xx_hal_rng.h ../DaisyExamples/libDaisy//Drivers/STM32H7xx_HAL_Driver/Inc/stm32h7xx_hal_rtc.h ../DaisyExamples/libDaisy//Drivers/STM32H7xx_HAL_Driver/Inc/stm32h7xx_hal_rtc_ex.h ../DaisyExamples/libDaisy//Drivers/STM32H7xx_HAL_Driver/Inc/stm32h7xx_hal_sai.h ../DaisyExamples/libDaisy//Drivers/STM32H7xx_HAL_Driver/Inc/stm32h7xx_hal_sai_ex.h ../DaisyExamples/libDaisy//Drivers/STM32H7xx_HAL_Driver/Inc/stm32h7xx_hal_sd.h ../DaisyExamples/libDaisy//Drivers/STM32H7xx_HAL_Driver/Inc/stm32h7xx_ll_delayblock.h ../DaisyExamples/libDaisy//Drivers/STM32H7xx_HAL_Driver/Inc/stm32h7xx_hal_sd_ex.h ../DaisyExamples/libDaisy//Drivers/STM32H7xx_HAL_Driver/Inc/stm32h7xx_hal_sdram.h ../DaisyExamples/libDaisy//Drivers/STM32H7xx_HAL_Driver/Inc/stm32h7xx_hal_spi.h ../DaisyExamples/libDaisy//Drivers/STM32H7xx_HAL_Driver/Inc/stm32h7xx_hal_spi_ex.h ../DaisyExamples/libDaisy//Drivers/STM32H7xx_HAL_Driver/Inc/stm32h7xx_hal_spdifrx.h ../DaisyExamples/libDaisy//Drivers/STM32H7xx_HAL_Driver/Inc/stm32h7xx_hal_swpmi.h ../DaisyExamples/libDaisy//Drivers/STM32H7xx_HAL_Driver/Inc/stm32h7xx_hal_tim.h ../DaisyExamples/libDaisy//Drivers/STM32H7xx_HAL_Driver/Inc/stm32h7xx_hal_tim_ex.h ../DaisyExamples/libDaisy//Drivers/STM32H7xx_HAL_Driver/Inc/stm32h7xx_hal_uart.h ../DaisyExamples/libDaisy//Drivers/STM32H7xx_HAL_Driver/Inc/stm32h7xx_hal_uart_ex.h ../DaisyExamples/libDaisy//Drivers/STM32H7xx_HAL_Driver/Inc/stm32h7xx_hal_usart.h ../DaisyExamples/libDaisy//Drivers/STM32H7xx_HAL_Driver/Inc/stm32h7xx_hal_usart_ex.h ../DaisyExamples/libDaisy//Drivers/STM32H7xx_HAL_Driver/Inc/stm32h7xx_hal_irda.h ../DaisyExamples/libDaisy//Drivers/STM32H7xx_HAL_Driver/Inc/stm32h7xx_hal_irda_ex.h ../DaisyExamples/libDaisy//Drivers/STM32H7xx_HAL_Driver/Inc/stm32h7xx_hal_smartcard.h ../DaisyExamples/libDaisy//Drivers/STM32H7xx_HAL_Driver/Inc/stm32h7xx_hal_smartcard_ex.h ../DaisyExamples/libDaisy//Drivers/STM32H7xx_HAL_Driver/Inc/stm32h7xx_hal_smbus.h ../DaisyExamples/libDaisy//Drivers/STM32H7xx_HAL_Driver/Inc/stm32h7xx_hal_wwdg.h ../DaisyExamples/libDaisy//Drivers/STM32H7xx_HAL_Driver/Inc/stm32h7xx_hal_pcd.h ../DaisyExamples/libDaisy//Drivers/STM32H7xx_HAL_Driver/Inc/stm32h7xx_ll_usb.h ../DaisyExamples/libDaisy//Drivers/STM32H7xx_HAL_Driver/Inc/stm32h7xx_hal_pcd_ex.h ../DaisyExamples/libDaisy//Drivers/STM32H7xx_HAL_Driver/Inc/stm32h7xx_hal_hcd.h
# automatic
# | := build
# automatic
# < := ../DaisyExamples/libDaisy//core/startup_stm32h750xx.c
# automatic
# ^ := ../DaisyExamples/libDaisy//core/startup_stm32h750xx.c Makefile ../DaisyExamples/libDaisy//Drivers/CMSIS/Device/ST/STM32H7xx/Include/stm32h7xx.h ../DaisyExamples/libDaisy//Drivers/CMSIS/Device/ST/STM32H7xx/Include/stm32h750xx.h ../DaisyExamples/libDaisy//Drivers/CMSIS/Include/core_cm7.h ../DaisyExamples/libDaisy//Drivers/CMSIS/Include/cmsis_compiler.h ../DaisyExamples/libDaisy//Drivers/CMSIS/Include/cmsis_gcc.h ../DaisyExamples/libDaisy//Drivers/CMSIS/Device/ST/STM32H7xx/Include/system_stm32h7xx.h ../DaisyExamples/libDaisy//Drivers/STM32H7xx_HAL_Driver/Inc/stm32h7xx_hal.h ../DaisyExamples/libDaisy//src/sys/stm32h7xx_hal_conf.h ../DaisyExamples/libDaisy//Drivers/STM32H7xx_HAL_Driver/Inc/stm32h7xx_hal_rcc.h ../DaisyExamples/libDaisy//Drivers/STM32H7xx_HAL_Driver/Inc/stm32h7xx_hal_def.h ../DaisyExamples/libDaisy//Drivers/STM32H7xx_HAL_Driver/Inc/Legacy/stm32_hal_legacy.h ../DaisyExamples/libDaisy//Drivers/STM32H7xx_HAL_Driver/Inc/stm32h7xx_hal_rcc_ex.h ../DaisyExamples/libDaisy//Drivers/STM32H7xx_HAL_Driver/Inc/stm32h7xx_hal_gpio.h ../DaisyExamples/libDaisy//Drivers/STM32H7xx_HAL_Driver/Inc/stm32h7xx_hal_gpio_ex.h ../DaisyExamples/libDaisy//Drivers/STM32H7xx_HAL_Driver/Inc/stm32h7xx_hal_dma.h ../DaisyExamples/libDaisy//Drivers/STM32H7xx_HAL_Driver/Inc/stm32h7xx_hal_dma_ex.h ../DaisyExamples/libDaisy//Drivers/STM32H7xx_HAL_Driver/Inc/stm32h7xx_hal_mdma.h ../DaisyExamples/libDaisy//Drivers/STM32H7xx_HAL_Driver/Inc/stm32h7xx_hal_hash.h ../DaisyExamples/libDaisy//Drivers/STM32H7xx_HAL_Driver/Inc/stm32h7xx_hal_hash_ex.h ../DaisyExamples/libDaisy//Drivers/STM32H7xx_HAL_Driver/Inc/stm32h7xx_hal_dcmi.h ../DaisyExamples/libDaisy//Drivers/STM32H7xx_HAL_Driver/Inc/stm32h7xx_hal_dma2d.h ../DaisyExamples/libDaisy//Drivers/STM32H7xx_HAL_Driver/Inc/stm32h7xx_hal_dsi.h ../DaisyExamples/libDaisy//Drivers/STM32H7xx_HAL_Driver/Inc/stm32h7xx_hal_dfsdm.h ../DaisyExamples/libDaisy//Drivers/STM32H7xx_HAL_Driver/Inc/stm32h7xx_hal_eth.h ../DaisyExamples/libDaisy//Drivers/STM32H7xx_HAL_Driver/Inc/stm32h7xx_hal_eth_ex.h ../DaisyExamples/libDaisy//Drivers/STM32H7xx_HAL_Driver/Inc/stm32h7xx_hal_exti.h ../DaisyExamples/libDaisy//Drivers/STM32H7xx_HAL_Driver/Inc/stm32h7xx_hal_cortex.h ../DaisyExamples/libDaisy//Drivers/STM32H7xx_HAL_Driver/Inc/stm32h7xx_hal_adc.h ../DaisyExamples/libDaisy//Drivers/STM32H7xx_HAL_Driver/Inc/stm32h7xx_ll_adc.h ../DaisyExamples/libDaisy//Drivers/STM32H7xx_HAL_Driver/Inc/stm32h7xx_hal_adc_ex.h ../DaisyExamples/libDaisy//Drivers/STM32H7xx_HAL_Driver/Inc/stm32h7xx_hal_fdcan.h ../DaisyExamples/libDaisy//Drivers/STM32H7xx_HAL_Driver/Inc/stm32h7xx_hal_cec.h ../DaisyExamples/libDaisy//Drivers/STM32H7xx_HAL_Driver/Inc/stm32h7xx_hal_comp.h ../DaisyExamples/libDaisy//Drivers/STM32H7xx_HAL_Driver/Inc/stm32h7xx_hal_crc.h ../DaisyExamples/libDaisy//Drivers/STM32H7xx_HAL_Driver/Inc/stm32h7xx_hal_crc_ex.h ../DaisyExamples/libDaisy//Drivers/STM32H7xx_HAL_Driver/Inc/stm32h7xx_hal_cryp.h ../DaisyExamples/libDaisy//Drivers/STM32H7xx_HAL_Driver/Inc/stm32h7xx_hal_cryp_ex.h ../DaisyExamples/libDaisy//Drivers/STM32H7xx_HAL_Driver/Inc/stm 
32h7xx_hal_dac.h ../DaisyExamples/libDaisy//Drivers/STM32H7xx_HAL_Driver/Inc/stm32h7xx_hal_dac_ex.h ../DaisyExamples/libDaisy//Drivers/STM32H7xx_HAL_Driver/Inc/stm32h7xx_hal_flash.h ../DaisyExamples/libDaisy//Drivers/STM32H7xx_HAL_Driver/Inc/stm32h7xx_hal_flash_ex.h ../DaisyExamples/libDaisy//Drivers/STM32H7xx_HAL_Driver/Inc/stm32h7xx_hal_hrtim.h ../DaisyExamples/libDaisy//Drivers/STM32H7xx_HAL_Driver/Inc/stm32h7xx_hal_hsem.h ../DaisyExamples/libDaisy//Drivers/STM32H7xx_HAL_Driver/Inc/stm32h7xx_hal_sram.h ../DaisyExamples/libDaisy//Drivers/STM32H7xx_HAL_Driver/Inc/stm32h7xx_ll_fmc.h ../DaisyExamples/libDaisy//Drivers/STM32H7xx_HAL_Driver/Inc/stm32h7xx_hal_nor.h ../DaisyExamples/libDaisy//Drivers/STM32H7xx_HAL_Driver/Inc/stm32h7xx_hal_nand.h ../DaisyExamples/libDaisy//Drivers/STM32H7xx_HAL_Driver/Inc/stm32h7xx_hal_i2c.h ../DaisyExamples/libDaisy//Drivers/STM32H7xx_HAL_Driver/Inc/stm32h7xx_hal_i2c_ex.h ../DaisyExamples/libDaisy//Drivers/STM32H7xx_HAL_Driver/Inc/stm32h7xx_hal_i2s.h ../DaisyExamples/libDaisy//Drivers/STM32H7xx_HAL_Driver/Inc/stm32h7xx_hal_iwdg.h ../DaisyExamples/libDaisy//Drivers/STM32H7xx_HAL_Driver/Inc/stm32h7xx_hal_jpeg.h ../DaisyExamples/libDaisy//Drivers/STM32H7xx_HAL_Driver/Inc/stm32h7xx_hal_mdios.h ../DaisyExamples/libDaisy//Drivers/STM32H7xx_HAL_Driver/Inc/stm32h7xx_hal_mmc.h ../DaisyExamples/libDaisy//Drivers/STM32H7xx_HAL_Driver/Inc/stm32h7xx_ll_sdmmc.h ../DaisyExamples/libDaisy//Drivers/STM32H7xx_HAL_Driver/Inc/stm32h7xx_hal_mmc_ex.h ../DaisyExamples/libDaisy//Drivers/STM32H7xx_HAL_Driver/Inc/stm32h7xx_hal_lptim.h ../DaisyExamples/libDaisy//Drivers/STM32H7xx_HAL_Driver/Inc/stm32h7xx_hal_ltdc.h ../DaisyExamples/libDaisy//Drivers/STM32H7xx_HAL_Driver/Inc/stm32h7xx_hal_ltdc_ex.h ../DaisyExamples/libDaisy//Drivers/STM32H7xx_HAL_Driver/Inc/stm32h7xx_hal_opamp.h ../DaisyExamples/libDaisy//Drivers/STM32H7xx_HAL_Driver/Inc/stm32h7xx_hal_opamp_ex.h ../DaisyExamples/libDaisy//Drivers/STM32H7xx_HAL_Driver/Inc/stm32h7xx_hal_pwr.h ../DaisyExamples/libDaisy//Drivers/STM32H7xx_HAL_Driver/Inc/stm32h7xx_hal_pwr_ex.h ../DaisyExamples/libDaisy//Drivers/STM32H7xx_HAL_Driver/Inc/stm32h7xx_hal_qspi.h ../DaisyExamples/libDaisy//Drivers/STM32H7xx_HAL_Driver/Inc/stm32h7xx_hal_ramecc.h ../DaisyExamples/libDaisy//Drivers/STM32H7xx_HAL_Driver/Inc/stm32h7xx_hal_rng.h ../DaisyExamples/libDaisy//Drivers/STM32H7xx_HAL_Driver/Inc/stm32h7xx_hal_rtc.h ../DaisyExamples/libDaisy//Drivers/STM32H7xx_HAL_Driver/Inc/stm32h7xx_hal_rtc_ex.h ../DaisyExamples/libDaisy//Drivers/STM32H7xx_HAL_Driver/Inc/stm32h7xx_hal_sai.h ../DaisyExamples/libDaisy//Drivers/STM32H7xx_HAL_Driver/Inc/stm32h7xx_hal_sai_ex.h ../DaisyExamples/libDaisy//Drivers/STM32H7xx_HAL_Driver/Inc/stm32h7xx_hal_sd.h ../DaisyExamples/libDaisy//Drivers/STM32H7xx_HAL_Driver/Inc/stm32h7xx_ll_delayblock.h ../DaisyExamples/libDaisy//Drivers/STM32H7xx_HAL_Driver/Inc/stm32h7xx_hal_sd_ex.h ../DaisyExamples/libDaisy//Drivers/STM32H7xx_HAL_Driver/Inc/stm32h7xx_hal_sdram.h ../DaisyExamples/libDaisy//Drivers/STM32H7xx_HAL_Driver/Inc/stm32h7xx_hal_spi.h ../DaisyExamples/libDaisy//Drivers/STM32H7xx_HAL_Driver/Inc/stm32h7xx_hal_spi_ex.h ../DaisyExamples/libDaisy//Drivers/STM32H7xx_HAL_Driver/Inc/stm32h7xx_hal_spdifrx.h ../DaisyExamples/libDaisy//Drivers/STM32H7xx_HAL_Driver/Inc/stm32h7xx_hal_swpmi.h ../DaisyExamples/libDaisy//Drivers/STM32H7xx_HAL_Driver/Inc/stm32h7xx_hal_tim.h ../DaisyExamples/libDaisy//Drivers/STM32H7xx_HAL_Driver/Inc/stm32h7xx_hal_tim_ex.h ../DaisyExamples/libDaisy//Drivers/STM32H7xx_HAL_Driver/Inc/stm32h7xx_hal_uart.h ../DaisyExamples/libDaisy//Drivers/STM32H7xx_HAL_Driver/Inc/stm32h7xx_hal_uart_ex.h ../DaisyExamples/libDaisy//Drivers/STM32H7xx_HAL_Driver/Inc/stm32h7xx_hal_usart.h ../DaisyExamples/libDaisy//Drivers/STM32H7xx_HAL_Driver/Inc/stm32h7xx_hal_usart_ex.h ../DaisyExamples/libDaisy//Drivers/STM32H7xx_HAL_Driver/Inc/stm32h7xx_hal_irda.h ../DaisyExamples/libDaisy//Drivers/STM32H7xx_HAL_Driver/Inc/stm32h7xx_hal_irda_ex.h ../DaisyExamples/libDaisy//Drivers/STM32H7xx_HAL_Driver/Inc/stm32h7xx_hal_smartcard.h ../DaisyExamples/libDaisy//Drivers/STM32H7xx_HAL_Driver/Inc/stm32h7xx_hal_smartcard_ex.h ../DaisyExamples/libDaisy//Drivers/STM32H7xx_HAL_Driver/Inc/stm32h7xx_hal_smbus.h ../DaisyExamples/libDaisy//Drivers/STM32H7xx_HAL_Driver/Inc/stm32h7xx_hal_wwdg.h ../DaisyExamples/libDaisy//Drivers/STM32H7xx_HAL_Driver/Inc/stm32h7xx_hal_pcd.h ../DaisyExamples/libDaisy//Drivers/STM32H7xx_HAL_Driver/Inc/stm32h7xx_ll_usb.h ../DaisyExamples/libDaisy//Drivers/STM32H7xx_HAL_Driver/Inc/stm32h7xx_hal_pcd_ex.h ../DaisyExamples/libDaisy//Drivers/STM32H7xx_HAL_Driver/Inc/stm32h7xx_hal_hcd.h
# automatic
# ? := Makefile
# variable set hash-table stats:
# Load=8/32=25%, Rehash=0, Collisions=2/43=5%
#  commands to execute (from `../DaisyExamples/libDaisy//core/Makefile', line 232):
	$(CC) -c $(CFLAGS) $(C_STANDARD) -Wa,-a,-ad,-alms=$(BUILD_DIR)/$(notdir $(<:.c=.lst)) $< -o $@
	

../DaisyExamples/libDaisy//Drivers/STM32H7xx_HAL_Driver/Inc/stm32h7xx_hal_adc.h:
#  Implicit rule search has been done.
#  Last modified 2022-06-09 21:32:35
#  File has been updated.
#  Successfully updated.
# variable set hash-table stats:
# Load=0/32=0%, Rehash=0, Collisions=0/0=0%

../DaisyExamples/libDaisy//Drivers/STM32H7xx_HAL_Driver/Inc/stm32h7xx_hal_tim.h:
#  Implicit rule search has been done.
#  Last modified 2022-06-09 21:32:35
#  File has been updated.
#  Successfully updated.
# variable set hash-table stats:
# Load=0/32=0%, Rehash=0, Collisions=0/0=0%

../DaisyExamples/libDaisy//Drivers/STM32H7xx_HAL_Driver/Inc/stm32h7xx_hal_usart_ex.h:
#  Implicit rule search has been done.
#  Last modified 2022-06-09 21:32:35
#  File has been updated.
#  Successfully updated.
# variable set hash-table stats:
# Load=0/32=0%, Rehash=0, Collisions=0/0=0%

../DaisyExamples/libDaisy//Drivers/CMSIS/Device/ST/STM32H7xx/Include/system_stm32h7xx.h:
#  Implicit rule search has been done.
#  Last modified 2022-06-09 21:32:35
#  File has been updated.
#  Successfully updated.
# variable set hash-table stats:
# Load=0/32=0%, Rehash=0, Collisions=0/0=0%

../DaisyExamples/libDaisy//Drivers/STM32H7xx_HAL_Driver/Inc/stm32h7xx_hal_ltdc_ex.h:
#  Implicit rule search has been done.
#  Last modified 2022-06-09 21:32:35
#  File has been updated.
#  Successfully updated.
# variable set hash-table stats:
# Load=0/32=0%, Rehash=0, Collisions=0/0=0%

# Not a target:
build/that_simple.o:
#  Implicit rule search has not been done.
#  Modification time never checked.
#  File has not been updated.

# Not a target:
build/Engine.o:
#  Implicit rule search has not been done.
#  Modification time never checked.
#  File has not been updated.

../DaisyExamples/libDaisy//Drivers/STM32H7xx_HAL_Driver/Inc/stm32h7xx_hal_fdcan.h:
#  Implicit rule search has been done.
#  Last modified 2022-06-09 21:32:35
#  File has been updated.
#  Successfully updated.
# variable set hash-table stats:
# Load=0/32=0%, Rehash=0, Collisions=0/0=0%

# Not a target:
build/that_simple.hex:
#  Implicit rule search has not been done.
#  Modification time never checked.
#  File has not been updated.

../DaisyExamples/libDaisy//Drivers/STM32H7xx_HAL_Driver/Inc/stm32h7xx_hal_pcd.h:
#  Implicit rule search has been done.
#  Last modified 2022-06-09 21:32:35
#  File has been updated.
#  Successfully updated.
# variable set hash-table stats:
# Load=0/32=0%, Rehash=0, Collisions=0/0=0%

../DaisyExamples/libDaisy//Drivers/STM32H7xx_HAL_Driver/Inc/stm32h7xx_hal_i2c_ex.h:
#  Implicit rule search has been done.
#  Last modified 2022-06-09 21:32:35
#  File has been updated.
#  Successfully updated.
# variable set hash-table stats:
# Load=0/32=0%, Rehash=0, Collisions=0/0=0%

../DaisyExamples/libDaisy//Drivers/STM32H7xx_HAL_Driver/Inc/stm32h7xx_ll_adc.h:
#  Implicit rule search has been done.
#  Last modified 2022-06-09 21:32:35
#  File has been updated.
#  Successfully updated.
# variable set hash-table stats:
# Load=0/32=0%, Rehash=0, Collisions=0/0=0%

../DaisyExamples/libDaisy//Drivers/STM32H7xx_HAL_Driver/Inc/stm32h7xx_hal_sd.h:
#  Implicit rule search has been done.
#  Last modified 2022-06-09 21:32:35
#  File has been updated.
#  Successfully updated.
# variable set hash-table stats:
 
# Load=0/32=0%, Rehash=0, Collisions=0/0=0%

../DaisyExamples/libDaisy//Drivers/STM32H7xx_HAL_Driver/Inc/stm32h7xx_hal_eth.h:
#  Implicit rule search has been done.
#  Last modified 2022-06-09 21:32:35
#  File has been updated.
#  Successfully updated.
# variable set hash-table stats:
# Load=0/32=0%, Rehash=0, Collisions=0/0=0%

../DaisyExamples/libDaisy//Drivers/STM32H7xx_HAL_Driver/Inc/stm32h7xx_hal_pwr.h:
#  Implicit rule search has been done.
#  Last modified 2022-06-09 21:32:35
#  File has been updated.
#  Successfully updated.
# variable set hash-table stats:
# Load=0/32=0%, Rehash=0, Collisions=0/0=0%

# Not a target:
.DEFAULT:
#  Implicit rule search has not been done.
#  Modification time never checked.
#  File has not been updated.

../DaisyExamples/libDaisy//Drivers/STM32H7xx_HAL_Driver/Inc/stm32h7xx_hal_ramecc.h:
#  Implicit rule search has been done.
#  Last modified 2022-06-09 21:32:35
#  File has been updated.
#  Successfully updated.
# variable set hash-table stats:
# Load=0/32=0%, Rehash=0, Collisions=0/0=0%

../DaisyExamples/libDaisy//Drivers/STM32H7xx_HAL_Driver/Inc/stm32h7xx_hal_mdios.h:
#  Implicit rule search has been done.
#  Last modified 2022-06-09 21:32:35
#  File has been updated.
#  Successfully updated.
# variable set hash-table stats:
# Load=0/32=0%, Rehash=0, Collisions=0/0=0%

../DaisyExamples/libDaisy//Drivers/STM32H7xx_HAL_Driver/Inc/stm32h7xx_hal_uart_ex.h:
#  Implicit rule search has been done.
#  Last modified 2022-06-09 21:32:35
#  File has been updated.
#  Successfully updated.
# variable set hash-table stats:
# Load=0/32=0%, Rehash=0, Collisions=0/0=0%

../DaisyExamples/libDaisy//Drivers/STM32H7xx_HAL_Driver/Inc/stm32h7xx_hal_smartcard_ex.h:
#  Implicit rule search has been done.
#  Last modified 2022-06-09 21:32:35
#  File has been updated.
#  Successfully updated.
# variable set hash-table stats:
# Load=0/32=0%, Rehash=0, Collisions=0/0=0%

# Not a target:
build/Source.o:
#  Implicit rule search has not been done.
#  Modification time never checked.
#  File has not been updated.

# Not a target:
build/Slice.o:
#  Implicit rule search has not been done.
#  Modification time never checked.
#  File has not been updated.

../DaisyExamples/libDaisy//Drivers/STM32H7xx_HAL_Driver/Inc/stm32h7xx_hal_cec.h:
#  Implicit rule search has been done.
#  Last modified 2022-06-09 21:32:35
#  File has been updated.
#  Successfully updated.
# variable set hash-table stats:
# Load=0/32=0%, Rehash=0, Collisions=0/0=0%

clean:
#  Implicit rule search has not been done.
#  Modification time never checked.
#  File has not been updated.
#  commands to execute (from `../DaisyExamples/libDaisy//core/Makefile', line 256):
	-rm -fR $(BUILD_DIR)
	

../DaisyExamples/libDaisy//Drivers/STM32H7xx_HAL_Driver/Inc/stm32h7xx_hal_opamp_ex.h:
#  Implicit rule search has been done.
#  Last modified 2022-06-09 21:32:35
#  File has been updated.
#  Successfully updated.
# variable set hash-table stats:
# Load=0/32=0%, Rehash=0, Collisions=0/0=0%

../DaisyExamples/libDaisy//Drivers/STM32H7xx_HAL_Driver/Inc/stm32h7xx_hal_dac_ex.h:
#  Implicit rule search has been done.
#  Last modified 2022-06-09 21:32:35
#  File has been updated.
#  Successfully updated.
# variable set hash-table stats:
# Load=0/32=0%, Rehash=0, Collisions=0/0=0%

../DaisyExamples/libDaisy//Drivers/STM32H7xx_HAL_Driver/Inc/Legacy/stm32_hal_legacy.h:
#  Implicit rule search has been done.
#  Last modified 2022-06-09 21:32:35
#  File has been updated.
#  Successfully updated.
# variable set hash-table stats:
# Load=0/32=0%, Rehash=0, Collisions=0/0=0%

../DaisyExamples/libDaisy//Drivers/CMSIS/Include/core_cm7.h:
#  Implicit rule search has been done.
#  Last modified 2022-06-09 21:32:35
#  File has been updated.
#  Successfully updated.
# variable set hash-table stats:
# Load=0/32=0%, Rehash=0, Collisions=0/0=0%

build/that_simple.elf: build/startup_stm32h750xx.o build/that_simple.o build/Engine.o build/Envelope.o build/Generator.o build/Slice.o build/SliceBuffer.o build/Source.o build/Spotykach.o build/Trigger.o Makefile
#  Implicit rule search has not been done.
#  File does not exist.
#  File has been updated.
#  Needs to be updated (-q is set).
# variable set hash-table stats:
# Load=0/32=0%, Rehash=0, Collisions=0/31=0%
#  commands to execute (from `../DaisyExamples/libDaisy//core/Makefile', line 241):
	$(CXX) $(OBJECTS) $(LDFLAGS) -o $@
	

../DaisyExamples/libDaisy//Drivers/STM32H7xx_HAL_Driver/Inc/stm32h7xx_hal_sai_ex.h:
#  Implicit rule search has been done.
#  Last modified 2022-06-09 21:32:35
#  File has been updated.
#  Successfully updated.
# variable set hash-table stats:
# Load=0/32=0%, Rehash=0, Collisions=0/0=0%

../DaisyExamples/libDaisy//Drivers/STM32H7xx_HAL_Driver/Inc/stm32h7xx_hal_dma.h:
#  Implicit rule search has been done.
#  Last modified 2022-06-09 21:32:35
#  File has been updated.
#  Successfully updated.
# variable set hash-table stats:
# Load=0/32=0%, Rehash=0, Collisions=0/0=0%

# Not a target:
build/that_simple.bin:
#  Implicit rule search has not been done.
#  Modification time never checked.
#  File has not been updated.

../DaisyExamples/libDaisy//Drivers/STM32H7xx_HAL_Driver/Inc/stm32h7xx_hal_adc_ex.h:
#  Implicit rule search has been done.
#  Last modified 2022-06-09 21:32:35
#  File has been updated.
#  Successfully updated.
# variable set hash-table stats:
# Load=0/32=0%, Rehash=0, Collisions=0/0=0%

../DaisyExamples/libDaisy//Drivers/STM32H7xx_HAL_Driver/Inc/stm32h7xx_hal_tim_ex.h:
#  Implicit rule search has been done.
#  Last modified 2022-06-09 21:32:35
#  File has been updated.
#  Successfully updated.
# variable set hash-table stats:
# Load=0/32=0%, Rehash=0, Collisions=0/0=0%

../DaisyExamples/libDaisy//Drivers/STM32H7xx_HAL_Driver/Inc/stm32h7xx_ll_delayblock.h:
#  Implicit rule search has been done.
#  Last modified 2022-06-09 21:32:35
#  File has been updated.
#  Successfully updated.
# variable set hash-table stats:
# Load=0/32=0%, Rehash=0, Collisions=0/0=0%

../DaisyExamples/libDaisy//Drivers/STM32H7xx_HAL_Driver/Inc/stm32h7xx_hal_flash.h:
#  Implicit rule search has been done.
#  Last modified 2022-06-09 21:32:35
#  File has been updated.
#  Successfully updated.
# variable set hash-table stats:
# Load=0/32=0%, Rehash=0, Collisions=0/0=0%

# Not a target:
../DaisyExamples/libDaisy//core/Makefile:
#  Implicit rule search has been done.
#  Last modified 2022-06-09 21:32:35
#  File has been updated.
#  Successfully updated.
# variable set hash-table stats:
# Load=0/32=0%, Rehash=0, Collisions=0/0=0%

../DaisyExamples/libDaisy//Drivers/STM32H7xx_HAL_Driver/Inc/stm32h7xx_hal_swpmi.h:
#  Implicit rule search has been done.
#  Last modified 2022-06-09 21:32:35
#  File has been updated.
#  Successfully updated.
# variable set hash-table stats:
# Load=0/32=0%, Rehash=0, Collisions=0/0=0%

../DaisyExamples/libDaisy//Drivers/STM32H7xx_HAL_Driver/Inc/stm32h7xx_hal_sd_ex.h:
#  Implicit rule search has been done.
#  Last modified 2022-06-09 21:32:35
#  File has been updated.
#  Successfully updated.
# variable set hash-table stats:
# Load=0/32=0%, Rehash=0, Collisions=0/0=0%

../DaisyExamples/libDaisy//Drivers/STM32H7xx_HAL_Driver/Inc/stm32h7xx_hal_dcmi.h:
#  Implicit rule search has been done.
#  Last modified 2022-06-09 21:32:35
#  File has been updated.
#  Successfully updated.
# variable set hash-table stats:
# Load=0/32=0%, Rehash=0, Collisions=0/0=0%

../DaisyExamples/libDaisy//Drivers/STM32H7xx_HAL_Driver/Inc/stm32h7xx_hal_hcd.h:
#  Implicit rule search has been done.
#  Last modified 2022-06-09 21:32:35
#  File has been updated.
#  Successfully updated.
# variable set hash-table stats:
# Load=0/32=0%, Rehash=0, Collisions=0/0=0%

../DaisyExamples/libDaisy//Drivers/STM32H7xx_HAL_Driver/Inc/stm32h7xx_hal_dsi.h:
#  Implicit rule search has been done.
#  Last modified 2022-06-09 21:32:35
#  File has been updated.
#  Successfully updated.
# variable set hash-table stats:
# Load=0/32=0%, Rehash=0, Collisions=0/0=0%

../DaisyExamples/libDaisy//Drivers/STM32H7xx_HAL_Driver/Inc/stm32h7xx_hal_pwr_ex.h:
#  Implicit rule search has been done.
#  Last modified 2022-06-09 21:32:35
#  File has been updated.
#  Successfully updated.
 
# variable set hash-table stats:
# Load=0/32=0%, Rehash=0, Collisions=0/0=0%

../DaisyExamples/libDaisy//Drivers/STM32H7xx_HAL_Driver/Inc/stm32h7xx_hal_spi_ex.h:
#  Implicit rule search has been done.
#  Last modified 2022-06-09 21:32:35
#  File has been updated.
#  Successfully updated.
# variable set hash-table stats:
# Load=0/32=0%, Rehash=0, Collisions=0/0=0%

../DaisyExamples/libDaisy//Drivers/STM32H7xx_HAL_Driver/Inc/stm32h7xx_hal_cortex.h:
#  Implicit rule search has been done.
#  Last modified 2022-06-09 21:32:35
#  File has been updated.
#  Successfully updated.
# variable set hash-table stats:
# Load=0/32=0%, Rehash=0, Collisions=0/0=0%

../DaisyExamples/libDaisy//Drivers/STM32H7xx_HAL_Driver/Inc/stm32h7xx_ll_fmc.h:
#  Implicit rule search has been done.
#  Last modified 2022-06-09 21:32:35
#  File has been updated.
#  Successfully updated.
# variable set hash-table stats:
# Load=0/32=0%, Rehash=0, Collisions=0/0=0%

../DaisyExamples/libDaisy//Drivers/STM32H7xx_HAL_Driver/Inc/stm32h7xx_hal_comp.h:
#  Implicit rule search has been done.
#  Last modified 2022-06-09 21:32:35
#  File has been updated.
#  Successfully updated.
# variable set hash-table stats:
# Load=0/32=0%, Rehash=0, Collisions=0/0=0%

../DaisyExamples/libDaisy//Drivers/STM32H7xx_HAL_Driver/Inc/stm32h7xx_hal_mmc.h:
#  Implicit rule search has been done.
#  Last modified 2022-06-09 21:32:35
#  File has been updated.
#  Successfully updated.
# variable set hash-table stats:
# Load=0/32=0%, Rehash=0, Collisions=0/0=0%

../DaisyExamples/libDaisy//Drivers/STM32H7xx_HAL_Driver/Inc/stm32h7xx_hal_spi.h:
#  Implicit rule search has been done.
#  Last modified 2022-06-09 21:32:35
#  File has been updated.
#  Successfully updated.
# variable set hash-table stats:
# Load=0/32=0%, Rehash=0, Collisions=0/0=0%

../DaisyExamples/libDaisy//Drivers/STM32H7xx_HAL_Driver/Inc/stm32h7xx_hal_lptim.h:
#  Implicit rule search has been done.
#  Last modified 2022-06-09 21:32:35
#  File has been updated.
#  Successfully updated.
# variable set hash-table stats:
# Load=0/32=0%, Rehash=0, Collisions=0/0=0%

../DaisyExamples/libDaisy//Drivers/STM32H7xx_HAL_Driver/Inc/stm32h7xx_hal_dma2d.h:
#  Implicit rule search has been done.
#  Last modified 2022-06-09 21:32:35
#  File has been updated.
#  Successfully updated.
# variable set hash-table stats:
# Load=0/32=0%, Rehash=0, Collisions=0/0=0%

../DaisyExamples/libDaisy//Drivers/STM32H7xx_HAL_Driver/Inc/stm32h7xx_ll_sdmmc.h:
#  Implicit rule search has been done.
#  Last modified 2022-06-09 21:32:35
#  File has been updated.
#  Successfully updated.
# variable set hash-table stats:
# Load=0/32=0%, Rehash=0, Collisions=0/0=0%

../DaisyExamples/libDaisy//Drivers/STM32H7xx_HAL_Driver/Inc/stm32h7xx_hal_flash_ex.h:
#  Implicit rule search has been done.
#  Last modified 2022-06-09 21:32:35
#  File has been updated.
#  Successfully updated.
# variable set hash-table stats:
# Load=0/32=0%, Rehash=0, Collisions=0/0=0%

../DaisyExamples/libDaisy//Drivers/CMSIS/Device/ST/STM32H7xx/Include/stm32h7xx.h:
#  Implicit rule search has been done.
#  Last modified 2022-06-09 21:32:35
#  File has been updated.
#  Successfully updated.
# variable set hash-table stats:
# Load=0/32=0%, Rehash=0, Collisions=0/0=0%

../DaisyExamples/libDaisy//Drivers/STM32H7xx_HAL_Driver/Inc/stm32h7xx_hal_irda.h:
#  Implicit rule search has been done.
#  Last modified 2022-06-09 21:32:35
#  File has been updated.
#  Successfully updated.
# variable set hash-table stats:
# Load=0/32=0%, Rehash=0, Collisions=0/0=0%

../DaisyExamples/libDaisy//Drivers/CMSIS/Device/ST/STM32H7xx/Include/stm32h750xx.h:
#  Implicit rule search has been done.
#  Last modified 2022-06-09 21:32:35
#  File has been updated.
#  Successfully updated.
# variable set hash-table stats:
# Load=0/32=0%, Rehash=0, Collisions=0/0=0%

../DaisyExamples/libDaisy//Drivers/STM32H7xx_HAL_Driver/Inc/stm32h7xx_hal_dma_ex.h:
#  Implicit rule search has been done.
#  Last modified 2022-06-09 21:32:35
#  File has been updated.
#  Successfully updated.
# variable set hash-table stats:
# Load=0/32=0%, Rehash=0, Collisions=0/0=0%

../DaisyExamples/libDaisy//Drivers/STM32H7xx_HAL_Driver/Inc/stm32h7xx_hal_def.h:
#  Implicit rule search has been done.
#  Last modified 2022-06-09 21:32:35
#  File has been updated.
#  Successfully updated.
# variable set hash-table stats:
# Load=0/32=0%, Rehash=0, Collisions=0/0=0%

program-boot:
#  Implicit rule search has not been done.
#  Modification time never checked.
#  File has not been updated.
#  commands to execute (from `../DaisyExamples/libDaisy//core/Makefile', line 295):
	dfu-util -a 0 -s $(FLASH_ADDRESS):leave -D $(BOOT_BIN) -d ,0483:df11
	

../DaisyExamples/libDaisy//Drivers/STM32H7xx_HAL_Driver/Inc/stm32h7xx_hal_nand.h:
#  Implicit rule search has been done.
#  Last modified 2022-06-09 21:32:35
#  File has been updated.
#  Successfully updated.
# variable set hash-table stats:
# Load=0/32=0%, Rehash=0, Collisions=0/0=0%

../DaisyExamples/libDaisy//Drivers/STM32H7xx_HAL_Driver/Inc/stm32h7xx_hal_hrtim.h:
#  Implicit rule search has been done.
#  Last modified 2022-06-09 21:32:35
#  File has been updated.
#  Successfully updated.
# variable set hash-table stats:
# Load=0/32=0%, Rehash=0, Collisions=0/0=0%

../DaisyExamples/libDaisy//Drivers/CMSIS/Include/cmsis_gcc.h:
#  Implicit rule search has been done.
#  Last modified 2022-06-09 21:32:35
#  File has been updated.
#  Successfully updated.
# variable set hash-table stats:
# Load=0/32=0%, Rehash=0, Collisions=0/0=0%

../DaisyExamples/libDaisy//Drivers/STM32H7xx_HAL_Driver/Inc/stm32h7xx_hal_mdma.h:
#  Implicit rule search has been done.
#  Last modified 2022-06-09 21:32:35
#  File has been updated.
#  Successfully updated.
# variable set hash-table stats:
# Load=0/32=0%, Rehash=0, Collisions=0/0=0%

../DaisyExamples/libDaisy//Drivers/STM32H7xx_HAL_Driver/Inc/stm32h7xx_hal_eth_ex.h:
#  Implicit rule search has been done.
#  Last modified 2022-06-09 21:32:35
#  File has been updated.
#  Successfully updated.
# variable set hash-table stats:
# Load=0/32=0%, Rehash=0, Collisions=0/0=0%

# Not a target:
build/Envelope.o:
#  Implicit rule search has not been done.
#  Modification time never checked.
#  File has not been updated.

# files hash-table stats:
# Load=123/1024=12%, Rehash=0, Collisions=35/261=13%
# VPATH Search Paths

vpath %.c ../DaisyExamples/libDaisy//core
vpath %.cpp core

# 2 `vpath' search paths.

# No general (`VPATH' variable) search path.

# # of strings in strcache: 3
# # of strcache buffers: 1
# strcache size: total = 4096 / max = 4096 / min = 4096 / avg = 4096
# strcache free: total = 4018 / max = 4018 / min = 4018 / avg = 4018

# Finished Make data base on Sat Jun 11 15:11:46 2022

 
